<?xml version="1.0" encoding="UTF-8"?>
<testsuite name="com.example.portfolio.PortfolioApplicationTests" tests="1" skipped="0" failures="0" errors="0" timestamp="2026-04-22T15:21:24.547Z" hostname="JUNNZXY" time="1.528">
  <properties/>
  <testcase name="contextLoads()" classname="com.example.portfolio.PortfolioApplicationTests" time="0.373"/>
  <system-out><![CDATA[22:21:24.648 [Test worker] INFO org.springframework.test.context.support.AnnotationConfigContextLoaderUtils -- Could not detect default configuration classes for test class [com.example.portfolio.PortfolioApplicationTests]: PortfolioApplicationTests does not declare any static, non-private, non-final, nested classes annotated with @Configuration.
22:21:24.731 [Test worker] INFO org.springframework.boot.test.context.SpringBootTestContextBootstrapper -- Found @SpringBootConfiguration com.example.portfolio.PortfolioApplication for test class com.example.portfolio.PortfolioApplicationTests
22:21:24.796 [Test worker] INFO org.springframework.test.context.support.AnnotationConfigContextLoaderUtils -- Could not detect default configuration classes for test class [com.example.portfolio.PortfolioApplicationTests]: PortfolioApplicationTests does not declare any static, non-private, non-final, nested classes annotated with @Configuration.
22:21:24.798 [Test worker] INFO org.springframework.boot.test.context.SpringBootTestContextBootstrapper -- Found @SpringBootConfiguration com.example.portfolio.PortfolioApplication for test class com.example.portfolio.PortfolioApplicationTests

  .   ____          _            __ _ _
 /\\ / ___'_ __ _ _(_)_ __  __ _ \ \ \ \
( ( )\___ | '_ | '_| | '_ \/ _` | \ \ \ \
 \\/  ___)| |_)| | | | | || (_| |  ) ) ) )
  '  |____| .__|_| |_|_| |_\__, | / / / /
 =========|_|==============|___/=/_/_/_/

 :: Spring Boot ::                (v4.0.5)

2026-04-22T22:21:25.021+07:00  INFO 17436 --- [    Test worker] c.e.portfolio.PortfolioApplicationTests  : Starting PortfolioApplicationTests using Java 25.0.1 with PID 17436 (started by LENOVO in C:\Users\LENOVO\Documents\tugas uc\photography-portfolio)
2026-04-22T22:21:25.022+07:00  INFO 17436 --- [    Test worker] c.e.portfolio.PortfolioApplicationTests  : No active profile set, falling back to 1 default profile: "default"
2026-04-22T22:21:25.508+07:00  INFO 17436 --- [    Test worker] o.s.b.w.a.WelcomePageHandlerMapping      : Adding welcome page template: index
2026-04-22T22:21:25.694+07:00  INFO 17436 --- [    Test worker] c.e.portfolio.PortfolioApplicationTests  : Started PortfolioApplicationTests in 0.845 seconds (process running for 1.691)
]]></system-out>
  <system-err><![CDATA[Mockito is currently self-attaching to enable the inline-mock-maker. This will no longer work in future releases of the JDK. Please add Mockito as an agent to your build as described in Mockito's documentation: https://javadoc.io/doc/org.mockito/mockito-core/latest/org.mockito/org/mockito/Mockito.html#0.3
WARNING: A Java agent has been loaded dynamically (C:\Users\LENOVO\.gradle\caches\modules-2\files-2.1\net.bytebuddy\byte-buddy-agent\1.17.8\f09415827a71be7ed621c7bd02550678f28bc81c\byte-buddy-agent-1.17.8.jar)
WARNING: If a serviceability tool is in use, please run with -XX:+EnableDynamicAgentLoading to hide this warning
WARNING: If a serviceability tool is not in use, please run with -Djdk.instrument.traceUsage for more information
WARNING: Dynamic loading of agents will be disallowed by default in a future release
]]></system-err>
</testsuite>
